line 1 /Users/fourdman/Projects/ruby-analysis/runtime/test.rb
line 3 /Users/fourdman/Projects/ruby-analysis/runtime/test.rb
$xarklajskfljasdlk NilClass
line 4 /Users/fourdman/Projects/ruby-analysis/runtime/test.rb
line 6 /Users/fourdman/Projects/ruby-analysis/runtime/test.rb
Foo <error:uninitialized constant Foo>
line 7 /Users/fourdman/Projects/ruby-analysis/runtime/test.rb
line 10 /Users/fourdman/Projects/ruby-analysis/runtime/test.rb
line 21 /Users/fourdman/Projects/ruby-analysis/runtime/test.rb
line 22 /Users/fourdman/Projects/ruby-analysis/runtime/test.rb
Foo Class[Foo]
line 23 /Users/fourdman/Projects/ruby-analysis/runtime/test.rb
x Class[Foo]
line 24 /Users/fourdman/Projects/ruby-analysis/runtime/test.rb
Foo Class[Foo]
line 25 /Users/fourdman/Projects/ruby-analysis/runtime/test.rb
x2 Foo
line 26 /Users/fourdman/Projects/ruby-analysis/runtime/test.rb
line 27 /Users/fourdman/Projects/ruby-analysis/runtime/test.rb
y Fixnum
line 11 /Users/fourdman/Projects/ruby-analysis/runtime/test.rb
line 12 /Users/fourdman/Projects/ruby-analysis/runtime/test.rb
line 13 /Users/fourdman/Projects/ruby-analysis/runtime/test.rb
$x NilClass
line 14 /Users/fourdman/Projects/ruby-analysis/runtime/test.rb
@x NilClass
line 15 /Users/fourdman/Projects/ruby-analysis/runtime/test.rb
@@y Fixnum
line 16 /Users/fourdman/Projects/ruby-analysis/runtime/test.rb
Foo::Bar Fixnum
Foo Class[Foo]
line 17 /Users/fourdman/Projects/ruby-analysis/runtime/test.rb
x Fixnum
line 18 /Users/fourdman/Projects/ruby-analysis/runtime/test.rb
